<?xml version="1.0" encoding="UTF-8"?>
<!-- Generated by org.testng.reporters.JUnitReportReporter -->
<testsuite skipped="0" hostname="LAPTOP-4U12GFJU" name="org.example.TestSuit" tests="4" failures="0" timestamp="2022-01-15T14:59:05 GMT" time="51.933" errors="0">
  <testcase name="verifyUserShouldReferAProductToAFriend" time="19.663" classname="org.example.TestSuit"/>
  <system-out/>
  <testcase name="userShouldBeAbleToRegisterSuccessfully" time="11.181" classname="org.example.TestSuit"/>
  <system-out/>
  <testcase name="userShouldBeAbleToAddTheCommentSuccessfully" time="11.130" classname="org.example.TestSuit"/>
  <system-out/>
  <testcase name="verifyUserShouldBeAbleToNavigateToDesktopPage" time="9.959" classname="org.example.TestSuit"/>
  <system-out/>
</testsuite> <!-- org.example.TestSuit -->
